0.0000
0.0417
0.0625
0.3125
0.3333
0.3750
0.7083
0.7083
0.9583
0.9791
1.0208
1.3542
1.6875
1.6875
1.7083
1.9583
1.9791
2.0208
2.3541
2.3541
2.6041
2.6249
2.6666
3.0000
3.3333
3.3333
3.3541
3.6041
3.6249
3.7499
3.7707
3.8540
4.1873
4.1873
4.1873
4.2290
4.2498
4.4998
4.5206
4.5623
4.8956
4.8956
5.1456
5.1664
5.2081
5.5415
5.8748
5.8748
5.8956
6.1456
6.1664
6.2914
6.3122
6.3955
6.7288
6.7288
6.7288
6.7705
6.7913
7.0413
7.0621
7.1038
7.4372
7.4372
7.6872
7.7080
7.7497
8.0830
8.4163
8.4163
8.4371
8.6871
8.7079
8.7496
9.0830
9.0830
9.3330
9.3538
9.3955
9.7288
10.0621
10.0621
10.0829
10.3329
10.3537
10.4787
10.4995
10.5828
10.9161
10.9161
